{
    "numFailedTestSuites": 4,
    "numFailedTests": 20,
    "numPassedTestSuites": 0,
    "numPassedTests": 2,
    "numPendingTestSuites": 0,
    "numPendingTests": 0,
    "numRuntimeErrorTestSuites": 0,
    "numTodoTests": 0,
    "numTotalTestSuites": 4,
    "numTotalTests": 22,
    "openHandles": [],
    "snapshot": {
        "added": 0,
        "didUpdate": false,
        "failure": false,
        "filesAdded": 0,
        "filesRemoved": 0,
        "filesRemovedList": [],
        "filesUnmatched": 0,
        "filesUpdated": 0,
        "matched": 0,
        "total": 0,
        "unchecked": 0,
        "uncheckedKeysByFile": [],
        "unmatched": 0,
        "updated": 0
    },
    "startTime": 1638899312932,
    "success": false,
    "testResults": [
        {
            "assertionResults": [
                {
                    "ancestorTitles": [
                        "Rovr Event Stream Tests"
                    ],
                    "failureMessages": [
                        "Error: Command failed: kcat -F ~/.config/kafkacatorchestrator.conf -C -t deming.event.stream -o -100 -e \n% Reading configuration from file /root/.config/kafkacatorchestrator.conf\n% ERROR: Failed to query metadata for topic deming.event.stream: Local: Broker transport failure\n\n    at ChildProcess.exithandler (node:child_process:397:12)\n    at ChildProcess.emit (node:events:390:28)\n    at maybeClose (node:internal/child_process:1062:16)\n    at Process.ChildProcess._handle.onexit (node:internal/child_process:301:5)"
                    ],
                    "fullName": "Rovr Event Stream Tests should ",
                    "location": null,
                    "status": "failed",
                    "title": "should "
                }
            ],
            "endTime": 1638899322088,
            "message": "\u001b[1m\u001b[31m  \u001b[1m● \u001b[22m\u001b[1mRovr Event Stream Tests › should \u001b[39m\u001b[22m\n\n    Command failed: kcat -F ~/.config/kafkacatorchestrator.conf -C -t deming.event.stream -o -100 -e \n    % Reading configuration from file /root/.config/kafkacatorchestrator.conf\n    % ERROR: Failed to query metadata for topic deming.event.stream: Local: Broker transport failure\n\u001b[2m\u001b[22m\n\u001b[2m\u001b[22m\n",
            "name": "/usr/src/app/Deming/Tests/ROVR/rovrEventStream.test.js",
            "startTime": 1638899313460,
            "status": "failed",
            "summary": ""
        },
        {
            "assertionResults": [
                {
                    "ancestorTitles": [
                        "ROVR Health Tests"
                    ],
                    "failureMessages": [
                        "TypeError: Cannot read properties of undefined (reading '_source')\n    at Object.<anonymous> (/usr/src/app/Deming/Tests/ROVR/rovrHealth.test.js:18:51)\n    at processTicksAndRejections (node:internal/process/task_queues:96:5)"
                    ],
                    "fullName": "ROVR Health Tests Given ROVR should produce logs",
                    "location": null,
                    "status": "failed",
                    "title": "Given ROVR should produce logs"
                },
                {
                    "ancestorTitles": [
                        "ROVR Health Tests"
                    ],
                    "failureMessages": [
                        "TypeError: Cannot read properties of undefined (reading '_source')\n    at Object.<anonymous> (/usr/src/app/Deming/Tests/ROVR/rovrHealth.test.js:26:51)\n    at processTicksAndRejections (node:internal/process/task_queues:96:5)"
                    ],
                    "fullName": "ROVR Health Tests Given ROVR should produce Run Report after run",
                    "location": null,
                    "status": "failed",
                    "title": "Given ROVR should produce Run Report after run"
                },
                {
                    "ancestorTitles": [
                        "ROVR Health Tests"
                    ],
                    "failureMessages": [
                        "TypeError: Cannot read properties of undefined (reading '_source')\n    at Object.<anonymous> (/usr/src/app/Deming/Tests/ROVR/rovrHealth.test.js:40:51)\n    at processTicksAndRejections (node:internal/process/task_queues:96:5)"
                    ],
                    "fullName": "ROVR Health Tests Given ROVR should produce Telemetry report",
                    "location": null,
                    "status": "failed",
                    "title": "Given ROVR should produce Telemetry report"
                },
                {
                    "ancestorTitles": [
                        "ROVR Health Tests"
                    ],
                    "failureMessages": [
                        "TypeError: Cannot read properties of undefined (reading '_source')\n    at Object.<anonymous> (/usr/src/app/Deming/Tests/ROVR/rovrHealth.test.js:53:54)\n    at processTicksAndRejections (node:internal/process/task_queues:96:5)"
                    ],
                    "fullName": "ROVR Health Tests Battery voltage value should be greater than 3",
                    "location": null,
                    "status": "failed",
                    "title": "Battery voltage value should be greater than 3"
                },
                {
                    "ancestorTitles": [
                        "ROVR Health Tests"
                    ],
                    "failureMessages": [
                        "Error: Failed: \"No data to observe\"\n    at Env.it (/usr/src/app/node_modules/jest-jasmine2/build/jasmineAsyncInstall.js:95:24)\n    at it (/usr/src/app/node_modules/jest-jasmine2/build/jasmine/jasmineLight.js:100:21)\n    at Suite.<anonymous> (/usr/src/app/Deming/Tests/ROVR/rovrHealth.test.js:59:5)\n    at addSpecsToSuite (/usr/src/app/node_modules/jest-jasmine2/build/jasmine/Env.js:444:51)\n    at Env.describe (/usr/src/app/node_modules/jest-jasmine2/build/jasmine/Env.js:414:11)\n    at describe (/usr/src/app/node_modules/jest-jasmine2/build/jasmine/jasmineLight.js:88:18)\n    at Object.<anonymous> (/usr/src/app/Deming/Tests/ROVR/rovrHealth.test.js:14:1)\n    at Runtime._execModule (/usr/src/app/node_modules/jest-runtime/build/index.js:1299:24)\n    at Runtime._loadModule (/usr/src/app/node_modules/jest-runtime/build/index.js:898:12)\n    at Runtime.requireModule (/usr/src/app/node_modules/jest-runtime/build/index.js:746:10)"
                    ],
                    "fullName": "ROVR Health Tests Temperature value should be lower then 85",
                    "location": null,
                    "status": "failed",
                    "title": "Temperature value should be lower then 85"
                },
                {
                    "ancestorTitles": [
                        "ROVR Health Tests"
                    ],
                    "failureMessages": [
                        "TypeError: Cannot read properties of undefined (reading '_source')\n    at Object.<anonymous> (/usr/src/app/Deming/Tests/ROVR/rovrHealth.test.js:72:54)\n    at processTicksAndRejections (node:internal/process/task_queues:96:5)"
                    ],
                    "fullName": "ROVR Health Tests Given ROVR disc usage should not be over 50 ",
                    "location": null,
                    "status": "failed",
                    "title": "Given ROVR disc usage should not be over 50 "
                },
                {
                    "ancestorTitles": [
                        "ROVR Health Tests"
                    ],
                    "failureMessages": [
                        "TypeError: Cannot read properties of undefined (reading '_source')\n    at Object.<anonymous> (/usr/src/app/Deming/Tests/ROVR/rovrHealth.test.js:80:54)\n    at processTicksAndRejections (node:internal/process/task_queues:96:5)"
                    ],
                    "fullName": "ROVR Health Tests Wifi Signal Level should not be lower the -80",
                    "location": null,
                    "status": "failed",
                    "title": "Wifi Signal Level should not be lower the -80"
                },
                {
                    "ancestorTitles": [
                        "ROVR Health Tests"
                    ],
                    "failureMessages": [
                        "TypeError: Cannot read properties of undefined (reading '_source')\n    at Object.<anonymous> (/usr/src/app/Deming/Tests/ROVR/rovrHealth.test.js:88:54)\n    at processTicksAndRejections (node:internal/process/task_queues:96:5)"
                    ],
                    "fullName": "ROVR Health Tests Battery reported capacity should not be lower then 500",
                    "location": null,
                    "status": "failed",
                    "title": "Battery reported capacity should not be lower then 500"
                },
                {
                    "ancestorTitles": [
                        "ROVR Health Tests"
                    ],
                    "failureMessages": [
                        "TypeError: Cannot read properties of undefined (reading '_source')\n    at Object.<anonymous> (/usr/src/app/Deming/Tests/ROVR/rovrHealth.test.js:96:54)\n    at processTicksAndRejections (node:internal/process/task_queues:96:5)"
                    ],
                    "fullName": "ROVR Health Tests Camera temperature should be lower then 60",
                    "location": null,
                    "status": "failed",
                    "title": "Camera temperature should be lower then 60"
                }
            ],
            "endTime": 1638899324539,
            "message": "\u001b[1m\u001b[31m  \u001b[1m● \u001b[22m\u001b[1mROVR Health Tests › Given ROVR should produce logs\u001b[39m\u001b[22m\n\n    TypeError: Cannot read properties of undefined (reading '_source')\n\u001b[2m\u001b[22m\n\u001b[2m    \u001b[0m \u001b[90m 16 |\u001b[39m     it(\u001b[32m'Given ROVR should produce logs'\u001b[39m\u001b[33m,\u001b[39m \u001b[36masync\u001b[39m () \u001b[33m=>\u001b[39m {\u001b[0m\u001b[22m\n\u001b[2m    \u001b[0m \u001b[90m 17 |\u001b[39m         \u001b[36mconst\u001b[39m logMessage \u001b[33m=\u001b[39m \u001b[36mawait\u001b[39m \u001b[33mApis\u001b[39m\u001b[33m.\u001b[39mgetRovrLogs(dsn)\u001b[0m\u001b[22m\n\u001b[2m    \u001b[0m\u001b[31m\u001b[1m>\u001b[22m\u001b[2m\u001b[39m\u001b[90m 18 |\u001b[39m         \u001b[36mconst\u001b[39m data \u001b[33m=\u001b[39m logMessage\u001b[33m.\u001b[39mbody\u001b[33m.\u001b[39mhits\u001b[33m.\u001b[39mhits[\u001b[35m0\u001b[39m]\u001b[33m.\u001b[39m_source\u001b[0m\u001b[22m\n\u001b[2m    \u001b[0m \u001b[90m    |\u001b[39m                                                   \u001b[31m\u001b[1m^\u001b[22m\u001b[2m\u001b[39m\u001b[0m\u001b[22m\n\u001b[2m    \u001b[0m \u001b[90m 19 |\u001b[39m\u001b[0m\u001b[22m\n\u001b[2m    \u001b[0m \u001b[90m 20 |\u001b[39m         expect(data\u001b[33m.\u001b[39mmqtt\u001b[33m.\u001b[39mtopic)\u001b[33m.\u001b[39mtoEqual(\u001b[32m'rovr/log'\u001b[39m)\u001b[0m\u001b[22m\n\u001b[2m    \u001b[0m \u001b[90m 21 |\u001b[39m         expect(data\u001b[33m.\u001b[39mparsedJson\u001b[33m.\u001b[39mdata\u001b[33m.\u001b[39mdsn)\u001b[33m.\u001b[39mtoEqual(dsn)\u001b[0m\u001b[22m\n\u001b[2m\u001b[22m\n\u001b[2m      \u001b[2mat Object.<anonymous> (\u001b[22m\u001b[2m\u001b[0m\u001b[36mDeming/Tests/ROVR/rovrHealth.test.js\u001b[39m\u001b[0m\u001b[2m:18:51)\u001b[22m\u001b[2m\u001b[22m\n\n\u001b[1m\u001b[31m  \u001b[1m● \u001b[22m\u001b[1mROVR Health Tests › Given ROVR should produce Run Report after run\u001b[39m\u001b[22m\n\n    TypeError: Cannot read properties of undefined (reading '_source')\n\u001b[2m\u001b[22m\n\u001b[2m    \u001b[0m \u001b[90m 24 |\u001b[39m     it(\u001b[32m'Given ROVR should produce Run Report after run'\u001b[39m\u001b[33m,\u001b[39m \u001b[36masync\u001b[39m () \u001b[33m=>\u001b[39m {\u001b[0m\u001b[22m\n\u001b[2m    \u001b[0m \u001b[90m 25 |\u001b[39m         \u001b[36mconst\u001b[39m logMessage \u001b[33m=\u001b[39m \u001b[36mawait\u001b[39m \u001b[33mApis\u001b[39m\u001b[33m.\u001b[39mgetRovrRunReport(dsn)\u001b[0m\u001b[22m\n\u001b[2m    \u001b[0m\u001b[31m\u001b[1m>\u001b[22m\u001b[2m\u001b[39m\u001b[90m 26 |\u001b[39m         \u001b[36mconst\u001b[39m data \u001b[33m=\u001b[39m logMessage\u001b[33m.\u001b[39mbody\u001b[33m.\u001b[39mhits\u001b[33m.\u001b[39mhits[\u001b[35m0\u001b[39m]\u001b[33m.\u001b[39m_source\u001b[0m\u001b[22m\n\u001b[2m    \u001b[0m \u001b[90m    |\u001b[39m                                                   \u001b[31m\u001b[1m^\u001b[22m\u001b[2m\u001b[39m\u001b[0m\u001b[22m\n\u001b[2m    \u001b[0m \u001b[90m 27 |\u001b[39m         \u001b[36mconst\u001b[39m message \u001b[33m=\u001b[39m logMessage\u001b[33m.\u001b[39mbody\u001b[33m.\u001b[39mhits\u001b[33m.\u001b[39mhits[\u001b[35m0\u001b[39m]\u001b[33m.\u001b[39m_source\u001b[33m.\u001b[39mmessage\u001b[0m\u001b[22m\n\u001b[2m    \u001b[0m \u001b[90m 28 |\u001b[39m         \u001b[36mconst\u001b[39m telemetryMessage \u001b[33m=\u001b[39m \u001b[33mJSON\u001b[39m\u001b[33m.\u001b[39mparse(message)\u001b[0m\u001b[22m\n\u001b[2m    \u001b[0m \u001b[90m 29 |\u001b[39m\u001b[0m\u001b[22m\n\u001b[2m\u001b[22m\n\u001b[2m      \u001b[2mat Object.<anonymous> (\u001b[22m\u001b[2m\u001b[0m\u001b[36mDeming/Tests/ROVR/rovrHealth.test.js\u001b[39m\u001b[0m\u001b[2m:26:51)\u001b[22m\u001b[2m\u001b[22m\n\n\u001b[1m\u001b[31m  \u001b[1m● \u001b[22m\u001b[1mROVR Health Tests › Given ROVR should produce Telemetry report\u001b[39m\u001b[22m\n\n    TypeError: Cannot read properties of undefined (reading '_source')\n\u001b[2m\u001b[22m\n\u001b[2m    \u001b[0m \u001b[90m 38 |\u001b[39m     it(\u001b[32m'Given ROVR should produce Telemetry report'\u001b[39m\u001b[33m,\u001b[39m \u001b[36masync\u001b[39m () \u001b[33m=>\u001b[39m {\u001b[0m\u001b[22m\n\u001b[2m    \u001b[0m \u001b[90m 39 |\u001b[39m         \u001b[36mconst\u001b[39m logMessage \u001b[33m=\u001b[39m \u001b[36mawait\u001b[39m \u001b[33mApis\u001b[39m\u001b[33m.\u001b[39mgetRovrTelemetryReport(dsn)\u001b[0m\u001b[22m\n\u001b[2m    \u001b[0m\u001b[31m\u001b[1m>\u001b[22m\u001b[2m\u001b[39m\u001b[90m 40 |\u001b[39m         \u001b[36mconst\u001b[39m data \u001b[33m=\u001b[39m logMessage\u001b[33m.\u001b[39mbody\u001b[33m.\u001b[39mhits\u001b[33m.\u001b[39mhits[\u001b[35m0\u001b[39m]\u001b[33m.\u001b[39m_source\u001b[0m\u001b[22m\n\u001b[2m    \u001b[0m \u001b[90m    |\u001b[39m                                                   \u001b[31m\u001b[1m^\u001b[22m\u001b[2m\u001b[39m\u001b[0m\u001b[22m\n\u001b[2m    \u001b[0m \u001b[90m 41 |\u001b[39m         \u001b[36mconst\u001b[39m message \u001b[33m=\u001b[39m logMessage\u001b[33m.\u001b[39mbody\u001b[33m.\u001b[39mhits\u001b[33m.\u001b[39mhits[\u001b[35m0\u001b[39m]\u001b[33m.\u001b[39m_source\u001b[33m.\u001b[39mmessage\u001b[0m\u001b[22m\n\u001b[2m    \u001b[0m \u001b[90m 42 |\u001b[39m         \u001b[36mconst\u001b[39m telemetryMessage \u001b[33m=\u001b[39m \u001b[33mJSON\u001b[39m\u001b[33m.\u001b[39mparse(message)\u001b[0m\u001b[22m\n\u001b[2m    \u001b[0m \u001b[90m 43 |\u001b[39m         \u001b[36mlet\u001b[39m a \u001b[33m=\u001b[39m \u001b[36mnew\u001b[39m \u001b[33mDate\u001b[39m()\u001b[33m.\u001b[39mvalueOf()\u001b[0m\u001b[22m\n\u001b[2m\u001b[22m\n\u001b[2m      \u001b[2mat Object.<anonymous> (\u001b[22m\u001b[2m\u001b[0m\u001b[36mDeming/Tests/ROVR/rovrHealth.test.js\u001b[39m\u001b[0m\u001b[2m:40:51)\u001b[22m\u001b[2m\u001b[22m\n\n\u001b[1m\u001b[31m  \u001b[1m● \u001b[22m\u001b[1mROVR Health Tests › Battery voltage value should be greater than 3\u001b[39m\u001b[22m\n\n    TypeError: Cannot read properties of undefined (reading '_source')\n\u001b[2m\u001b[22m\n\u001b[2m    \u001b[0m \u001b[90m 51 |\u001b[39m     it(\u001b[32m'Battery voltage value should be greater than 3'\u001b[39m\u001b[33m,\u001b[39m \u001b[36masync\u001b[39m () \u001b[33m=>\u001b[39m {\u001b[0m\u001b[22m\n\u001b[2m    \u001b[0m \u001b[90m 52 |\u001b[39m         \u001b[36mconst\u001b[39m logMessage \u001b[33m=\u001b[39m \u001b[36mawait\u001b[39m \u001b[33mApis\u001b[39m\u001b[33m.\u001b[39mgetRovrTelemetryReport(dsn)\u001b[0m\u001b[22m\n\u001b[2m    \u001b[0m\u001b[31m\u001b[1m>\u001b[22m\u001b[2m\u001b[39m\u001b[90m 53 |\u001b[39m         \u001b[36mconst\u001b[39m message \u001b[33m=\u001b[39m logMessage\u001b[33m.\u001b[39mbody\u001b[33m.\u001b[39mhits\u001b[33m.\u001b[39mhits[\u001b[35m0\u001b[39m]\u001b[33m.\u001b[39m_source\u001b[33m.\u001b[39mmessage\u001b[0m\u001b[22m\n\u001b[2m    \u001b[0m \u001b[90m    |\u001b[39m                                                      \u001b[31m\u001b[1m^\u001b[22m\u001b[2m\u001b[39m\u001b[0m\u001b[22m\n\u001b[2m    \u001b[0m \u001b[90m 54 |\u001b[39m         \u001b[36mconst\u001b[39m telemetryMessage \u001b[33m=\u001b[39m \u001b[33mJSON\u001b[39m\u001b[33m.\u001b[39mparse(message)\u001b[0m\u001b[22m\n\u001b[2m    \u001b[0m \u001b[90m 55 |\u001b[39m\u001b[0m\u001b[22m\n\u001b[2m    \u001b[0m \u001b[90m 56 |\u001b[39m         expect(telemetryMessage\u001b[33m.\u001b[39mdata\u001b[33m.\u001b[39mbattery\u001b[33m.\u001b[39mvoltage\u001b[33m.\u001b[39mrawNumericValue)\u001b[33m.\u001b[39mtoBeGreaterThan(\u001b[35m3\u001b[39m)\u001b[0m\u001b[22m\n\u001b[2m\u001b[22m\n\u001b[2m      \u001b[2mat Object.<anonymous> (\u001b[22m\u001b[2m\u001b[0m\u001b[36mDeming/Tests/ROVR/rovrHealth.test.js\u001b[39m\u001b[0m\u001b[2m:53:54)\u001b[22m\u001b[2m\u001b[22m\n\n\u001b[1m\u001b[31m  \u001b[1m● \u001b[22m\u001b[1mROVR Health Tests › Temperature value should be lower then 85\u001b[39m\u001b[22m\n\n    Failed: \"No data to observe\"\n\u001b[2m\u001b[22m\n\u001b[2m    \u001b[0m \u001b[90m 57 |\u001b[39m     })\u001b[33m;\u001b[39m\u001b[0m\u001b[22m\n\u001b[2m    \u001b[0m \u001b[90m 58 |\u001b[39m\u001b[0m\u001b[22m\n\u001b[2m    \u001b[0m\u001b[31m\u001b[1m>\u001b[22m\u001b[2m\u001b[39m\u001b[90m 59 |\u001b[39m     it(\u001b[32m'Temperature value should be lower then 85'\u001b[39m\u001b[33m,\u001b[39m \u001b[36masync\u001b[39m () \u001b[33m=>\u001b[39m {\u001b[0m\u001b[22m\n\u001b[2m    \u001b[0m \u001b[90m    |\u001b[39m     \u001b[31m\u001b[1m^\u001b[22m\u001b[2m\u001b[39m\u001b[0m\u001b[22m\n\u001b[2m    \u001b[0m \u001b[90m 60 |\u001b[39m         \u001b[36mconst\u001b[39m logMessage \u001b[33m=\u001b[39m \u001b[36mawait\u001b[39m \u001b[33mApis\u001b[39m\u001b[33m.\u001b[39mgetRovrTelemetryReport(dsn)\u001b[0m\u001b[22m\n\u001b[2m    \u001b[0m \u001b[90m 61 |\u001b[39m\u001b[0m\u001b[22m\n\u001b[2m    \u001b[0m \u001b[90m 62 |\u001b[39m         \u001b[36mif\u001b[39m(logMessage\u001b[33m.\u001b[39mbody\u001b[33m.\u001b[39mhits\u001b[33m.\u001b[39mhits\u001b[33m.\u001b[39mlength \u001b[33m==\u001b[39m \u001b[35m0\u001b[39m) { \u001b[36mthrow\u001b[39m \u001b[32m'No data to observe'\u001b[39m\u001b[33m;\u001b[39m }\u001b[0m\u001b[22m\n\u001b[2m\u001b[22m\n\u001b[2m      \u001b[2mat Env.it (\u001b[22m\u001b[2mnode_modules/jest-jasmine2/build/jasmineAsyncInstall.js\u001b[2m:95:24)\u001b[22m\u001b[2m\u001b[22m\n\u001b[2m      \u001b[2mat Suite.<anonymous> (\u001b[22m\u001b[2m\u001b[0m\u001b[36mDeming/Tests/ROVR/rovrHealth.test.js\u001b[39m\u001b[0m\u001b[2m:59:5)\u001b[22m\u001b[2m\u001b[22m\n\u001b[2m      \u001b[2mat Object.<anonymous> (\u001b[22m\u001b[2m\u001b[0m\u001b[36mDeming/Tests/ROVR/rovrHealth.test.js\u001b[39m\u001b[0m\u001b[2m:14:1)\u001b[22m\u001b[2m\u001b[22m\n\n\u001b[1m\u001b[31m  \u001b[1m● \u001b[22m\u001b[1mROVR Health Tests › Given ROVR disc usage should not be over 50 \u001b[39m\u001b[22m\n\n    TypeError: Cannot read properties of undefined (reading '_source')\n\u001b[2m\u001b[22m\n\u001b[2m    \u001b[0m \u001b[90m 70 |\u001b[39m     it(\u001b[32m'Given ROVR disc usage should not be over 50 '\u001b[39m\u001b[33m,\u001b[39m \u001b[36masync\u001b[39m () \u001b[33m=>\u001b[39m {\u001b[0m\u001b[22m\n\u001b[2m    \u001b[0m \u001b[90m 71 |\u001b[39m         \u001b[36mconst\u001b[39m logMessage \u001b[33m=\u001b[39m \u001b[36mawait\u001b[39m \u001b[33mApis\u001b[39m\u001b[33m.\u001b[39mgetRovrTelemetryReport(dsn)\u001b[0m\u001b[22m\n\u001b[2m    \u001b[0m\u001b[31m\u001b[1m>\u001b[22m\u001b[2m\u001b[39m\u001b[90m 72 |\u001b[39m         \u001b[36mconst\u001b[39m message \u001b[33m=\u001b[39m logMessage\u001b[33m.\u001b[39mbody\u001b[33m.\u001b[39mhits\u001b[33m.\u001b[39mhits[\u001b[35m0\u001b[39m]\u001b[33m.\u001b[39m_source\u001b[33m.\u001b[39mmessage\u001b[0m\u001b[22m\n\u001b[2m    \u001b[0m \u001b[90m    |\u001b[39m                                                      \u001b[31m\u001b[1m^\u001b[22m\u001b[2m\u001b[39m\u001b[0m\u001b[22m\n\u001b[2m    \u001b[0m \u001b[90m 73 |\u001b[39m         \u001b[36mconst\u001b[39m telemetryMessage \u001b[33m=\u001b[39m \u001b[33mJSON\u001b[39m\u001b[33m.\u001b[39mparse(message)\u001b[0m\u001b[22m\n\u001b[2m    \u001b[0m \u001b[90m 74 |\u001b[39m\u001b[0m\u001b[22m\n\u001b[2m    \u001b[0m \u001b[90m 75 |\u001b[39m         expect(parseInt(telemetryMessage\u001b[33m.\u001b[39mdata\u001b[33m.\u001b[39mdiskUsagePercent))\u001b[33m.\u001b[39mnot\u001b[33m.\u001b[39mtoBeGreaterThan(\u001b[35m50\u001b[39m)\u001b[0m\u001b[22m\n\u001b[2m\u001b[22m\n\u001b[2m      \u001b[2mat Object.<anonymous> (\u001b[22m\u001b[2m\u001b[0m\u001b[36mDeming/Tests/ROVR/rovrHealth.test.js\u001b[39m\u001b[0m\u001b[2m:72:54)\u001b[22m\u001b[2m\u001b[22m\n\n\u001b[1m\u001b[31m  \u001b[1m● \u001b[22m\u001b[1mROVR Health Tests › Wifi Signal Level should not be lower the -80\u001b[39m\u001b[22m\n\n    TypeError: Cannot read properties of undefined (reading '_source')\n\u001b[2m\u001b[22m\n\u001b[2m    \u001b[0m \u001b[90m 78 |\u001b[39m     it(\u001b[32m'Wifi Signal Level should not be lower the -80'\u001b[39m\u001b[33m,\u001b[39m \u001b[36masync\u001b[39m () \u001b[33m=>\u001b[39m {\u001b[0m\u001b[22m\n\u001b[2m    \u001b[0m \u001b[90m 79 |\u001b[39m         \u001b[36mconst\u001b[39m logMessage \u001b[33m=\u001b[39m \u001b[36mawait\u001b[39m \u001b[33mApis\u001b[39m\u001b[33m.\u001b[39mgetRovrTelemetryReport(dsn)\u001b[0m\u001b[22m\n\u001b[2m    \u001b[0m\u001b[31m\u001b[1m>\u001b[22m\u001b[2m\u001b[39m\u001b[90m 80 |\u001b[39m         \u001b[36mconst\u001b[39m message \u001b[33m=\u001b[39m logMessage\u001b[33m.\u001b[39mbody\u001b[33m.\u001b[39mhits\u001b[33m.\u001b[39mhits[\u001b[35m0\u001b[39m]\u001b[33m.\u001b[39m_source\u001b[33m.\u001b[39mmessage\u001b[0m\u001b[22m\n\u001b[2m    \u001b[0m \u001b[90m    |\u001b[39m                                                      \u001b[31m\u001b[1m^\u001b[22m\u001b[2m\u001b[39m\u001b[0m\u001b[22m\n\u001b[2m    \u001b[0m \u001b[90m 81 |\u001b[39m         \u001b[36mconst\u001b[39m telemetryMessage \u001b[33m=\u001b[39m \u001b[33mJSON\u001b[39m\u001b[33m.\u001b[39mparse(message)\u001b[0m\u001b[22m\n\u001b[2m    \u001b[0m \u001b[90m 82 |\u001b[39m\u001b[0m\u001b[22m\n\u001b[2m    \u001b[0m \u001b[90m 83 |\u001b[39m         expect(parseInt(telemetryMessage\u001b[33m.\u001b[39mdata\u001b[33m.\u001b[39mwifiMetrics\u001b[33m.\u001b[39msignalLevel))\u001b[33m.\u001b[39mnot\u001b[33m.\u001b[39mtoBeLessThan(\u001b[33m-\u001b[39m\u001b[35m80\u001b[39m)\u001b[0m\u001b[22m\n\u001b[2m\u001b[22m\n\u001b[2m      \u001b[2mat Object.<anonymous> (\u001b[22m\u001b[2m\u001b[0m\u001b[36mDeming/Tests/ROVR/rovrHealth.test.js\u001b[39m\u001b[0m\u001b[2m:80:54)\u001b[22m\u001b[2m\u001b[22m\n\n\u001b[1m\u001b[31m  \u001b[1m● \u001b[22m\u001b[1mROVR Health Tests › Battery reported capacity should not be lower then 500\u001b[39m\u001b[22m\n\n    TypeError: Cannot read properties of undefined (reading '_source')\n\u001b[2m\u001b[22m\n\u001b[2m    \u001b[0m \u001b[90m 86 |\u001b[39m     it(\u001b[32m'Battery reported capacity should not be lower then 500'\u001b[39m\u001b[33m,\u001b[39m \u001b[36masync\u001b[39m () \u001b[33m=>\u001b[39m {\u001b[0m\u001b[22m\n\u001b[2m    \u001b[0m \u001b[90m 87 |\u001b[39m         \u001b[36mconst\u001b[39m logMessage \u001b[33m=\u001b[39m \u001b[36mawait\u001b[39m \u001b[33mApis\u001b[39m\u001b[33m.\u001b[39mgetRovrTelemetryReport(dsn)\u001b[0m\u001b[22m\n\u001b[2m    \u001b[0m\u001b[31m\u001b[1m>\u001b[22m\u001b[2m\u001b[39m\u001b[90m 88 |\u001b[39m         \u001b[36mconst\u001b[39m message \u001b[33m=\u001b[39m logMessage\u001b[33m.\u001b[39mbody\u001b[33m.\u001b[39mhits\u001b[33m.\u001b[39mhits[\u001b[35m0\u001b[39m]\u001b[33m.\u001b[39m_source\u001b[33m.\u001b[39mmessage\u001b[0m\u001b[22m\n\u001b[2m    \u001b[0m \u001b[90m    |\u001b[39m                                                      \u001b[31m\u001b[1m^\u001b[22m\u001b[2m\u001b[39m\u001b[0m\u001b[22m\n\u001b[2m    \u001b[0m \u001b[90m 89 |\u001b[39m         \u001b[36mconst\u001b[39m telemetryMessage \u001b[33m=\u001b[39m \u001b[33mJSON\u001b[39m\u001b[33m.\u001b[39mparse(message)\u001b[0m\u001b[22m\n\u001b[2m    \u001b[0m \u001b[90m 90 |\u001b[39m\u001b[0m\u001b[22m\n\u001b[2m    \u001b[0m \u001b[90m 91 |\u001b[39m         expect(parseInt(telemetryMessage\u001b[33m.\u001b[39mdata\u001b[33m.\u001b[39mbattery\u001b[33m.\u001b[39mreportedCapacity\u001b[33m.\u001b[39mrawNumericValue))\u001b[33m.\u001b[39mnot\u001b[33m.\u001b[39mtoBeLessThan(\u001b[35m500\u001b[39m)\u001b[0m\u001b[22m\n\u001b[2m\u001b[22m\n\u001b[2m      \u001b[2mat Object.<anonymous> (\u001b[22m\u001b[2m\u001b[0m\u001b[36mDeming/Tests/ROVR/rovrHealth.test.js\u001b[39m\u001b[0m\u001b[2m:88:54)\u001b[22m\u001b[2m\u001b[22m\n\n\u001b[1m\u001b[31m  \u001b[1m● \u001b[22m\u001b[1mROVR Health Tests › Camera temperature should be lower then 60\u001b[39m\u001b[22m\n\n    TypeError: Cannot read properties of undefined (reading '_source')\n\u001b[2m\u001b[22m\n\u001b[2m    \u001b[0m \u001b[90m 94 |\u001b[39m     it(\u001b[32m'Camera temperature should be lower then 60'\u001b[39m\u001b[33m,\u001b[39m \u001b[36masync\u001b[39m () \u001b[33m=>\u001b[39m {\u001b[0m\u001b[22m\n\u001b[2m    \u001b[0m \u001b[90m 95 |\u001b[39m         \u001b[36mconst\u001b[39m logMessage \u001b[33m=\u001b[39m \u001b[36mawait\u001b[39m \u001b[33mApis\u001b[39m\u001b[33m.\u001b[39mgetRovrTelemetryReport(dsn)\u001b[0m\u001b[22m\n\u001b[2m    \u001b[0m\u001b[31m\u001b[1m>\u001b[22m\u001b[2m\u001b[39m\u001b[90m 96 |\u001b[39m         \u001b[36mconst\u001b[39m message \u001b[33m=\u001b[39m logMessage\u001b[33m.\u001b[39mbody\u001b[33m.\u001b[39mhits\u001b[33m.\u001b[39mhits[\u001b[35m0\u001b[39m]\u001b[33m.\u001b[39m_source\u001b[33m.\u001b[39mmessage\u001b[0m\u001b[22m\n\u001b[2m    \u001b[0m \u001b[90m    |\u001b[39m                                                      \u001b[31m\u001b[1m^\u001b[22m\u001b[2m\u001b[39m\u001b[0m\u001b[22m\n\u001b[2m    \u001b[0m \u001b[90m 97 |\u001b[39m         \u001b[36mconst\u001b[39m telemetryMessage \u001b[33m=\u001b[39m \u001b[33mJSON\u001b[39m\u001b[33m.\u001b[39mparse(message)\u001b[0m\u001b[22m\n\u001b[2m    \u001b[0m \u001b[90m 98 |\u001b[39m\u001b[0m\u001b[22m\n\u001b[2m    \u001b[0m \u001b[90m 99 |\u001b[39m         expect(parseInt(telemetryMessage\u001b[33m.\u001b[39mdata\u001b[33m.\u001b[39mcameraTemperature))\u001b[33m.\u001b[39mnot\u001b[33m.\u001b[39mtoBeGreaterThan(\u001b[35m60\u001b[39m)\u001b[0m\u001b[22m\n\u001b[2m\u001b[22m\n\u001b[2m      \u001b[2mat Object.<anonymous> (\u001b[22m\u001b[2m\u001b[0m\u001b[36mDeming/Tests/ROVR/rovrHealth.test.js\u001b[39m\u001b[0m\u001b[2m:96:54)\u001b[22m\u001b[2m\u001b[22m\n",
            "name": "/usr/src/app/Deming/Tests/ROVR/rovrHealth.test.js",
            "startTime": 1638899313476,
            "status": "failed",
            "summary": ""
        },
        {
            "assertionResults": [
                {
                    "ancestorTitles": [
                        "ROVR Barcode Detection E2E Tests"
                    ],
                    "failureMessages": [
                        "Error: Command failed: kcat -F ~/.config/kafkacatorchestrator.conf -C -t deming.notification.media.ready.rovr -o -10 -e \n% Reading configuration from file /root/.config/kafkacatorchestrator.conf\n% ERROR: Failed to query metadata for topic deming.notification.media.ready.rovr: Local: Broker transport failure\n\n    at ChildProcess.exithandler (node:child_process:397:12)\n    at ChildProcess.emit (node:events:390:28)\n    at maybeClose (node:internal/child_process:1062:16)\n    at Process.ChildProcess._handle.onexit (node:internal/child_process:301:5)"
                    ],
                    "fullName": "ROVR Barcode Detection E2E Tests should pass when Notification Center unzipped the file",
                    "location": null,
                    "status": "failed",
                    "title": "should pass when Notification Center unzipped the file"
                },
                {
                    "ancestorTitles": [
                        "ROVR Barcode Detection E2E Tests"
                    ],
                    "failureMessages": [
                        "Error: Command failed: kcat -F ~/.config/kafkacatorchestrator.conf -C -t deming.barcode.detection.ready.rovr -o -10 -e \n% Reading configuration from file /root/.config/kafkacatorchestrator.conf\n% ERROR: Failed to query metadata for topic deming.barcode.detection.ready.rovr: Local: Broker transport failure\n\n    at ChildProcess.exithandler (node:child_process:397:12)\n    at ChildProcess.emit (node:events:390:28)\n    at maybeClose (node:internal/child_process:1062:16)\n    at Process.ChildProcess._handle.onexit (node:internal/child_process:301:5)"
                    ],
                    "fullName": "ROVR Barcode Detection E2E Tests should pass when ready for barcode detection",
                    "location": null,
                    "status": "failed",
                    "title": "should pass when ready for barcode detection"
                },
                {
                    "ancestorTitles": [
                        "ROVR Barcode Detection E2E Tests"
                    ],
                    "failureMessages": [
                        "Error: Command failed: kcat -F ~/.config/kafkacatorchestrator.conf -C -t deming.barcode.detection.complete -o -10 -e \n% Reading configuration from file /root/.config/kafkacatorchestrator.conf\n% ERROR: Failed to query metadata for topic deming.barcode.detection.complete: Local: Broker transport failure\n\n    at ChildProcess.exithandler (node:child_process:397:12)\n    at ChildProcess.emit (node:events:390:28)\n    at maybeClose (node:internal/child_process:1062:16)\n    at Process.ChildProcess._handle.onexit (node:internal/child_process:301:5)"
                    ],
                    "fullName": "ROVR Barcode Detection E2E Tests should pass when barcode detection is completed",
                    "location": null,
                    "status": "failed",
                    "title": "should pass when barcode detection is completed"
                },
                {
                    "ancestorTitles": [
                        "ROVR Barcode Detection E2E Tests"
                    ],
                    "failureMessages": [
                        "Error: Command failed: kcat -F ~/.config/kafkacatorchestrator.conf -C -t deming.rovr.rail.barcode.report.created -o -10 -e \n% Reading configuration from file /root/.config/kafkacatorchestrator.conf\n% ERROR: Failed to query metadata for topic deming.rovr.rail.barcode.report.created: Local: Broker transport failure\n\n    at ChildProcess.exithandler (node:child_process:397:12)\n    at ChildProcess.emit (node:events:390:28)\n    at maybeClose (node:internal/child_process:1062:16)\n    at Process.ChildProcess._handle.onexit (node:internal/child_process:301:5)"
                    ],
                    "fullName": "ROVR Barcode Detection E2E Tests should pass when product report is generated",
                    "location": null,
                    "status": "failed",
                    "title": "should pass when product report is generated"
                }
            ],
            "endTime": 1638899337337,
            "message": "\u001b[1m\u001b[31m  \u001b[1m● \u001b[22m\u001b[1mROVR Barcode Detection E2E Tests › should pass when Notification Center unzipped the file\u001b[39m\u001b[22m\n\n    Command failed: kcat -F ~/.config/kafkacatorchestrator.conf -C -t deming.notification.media.ready.rovr -o -10 -e \n    % Reading configuration from file /root/.config/kafkacatorchestrator.conf\n    % ERROR: Failed to query metadata for topic deming.notification.media.ready.rovr: Local: Broker transport failure\n\u001b[2m\u001b[22m\n\u001b[2m\u001b[22m\n\n\u001b[1m\u001b[31m  \u001b[1m● \u001b[22m\u001b[1mROVR Barcode Detection E2E Tests › should pass when ready for barcode detection\u001b[39m\u001b[22m\n\n    Command failed: kcat -F ~/.config/kafkacatorchestrator.conf -C -t deming.barcode.detection.ready.rovr -o -10 -e \n    % Reading configuration from file /root/.config/kafkacatorchestrator.conf\n    % ERROR: Failed to query metadata for topic deming.barcode.detection.ready.rovr: Local: Broker transport failure\n\u001b[2m\u001b[22m\n\u001b[2m\u001b[22m\n\n\u001b[1m\u001b[31m  \u001b[1m● \u001b[22m\u001b[1mROVR Barcode Detection E2E Tests › should pass when barcode detection is completed\u001b[39m\u001b[22m\n\n    Command failed: kcat -F ~/.config/kafkacatorchestrator.conf -C -t deming.barcode.detection.complete -o -10 -e \n    % Reading configuration from file /root/.config/kafkacatorchestrator.conf\n    % ERROR: Failed to query metadata for topic deming.barcode.detection.complete: Local: Broker transport failure\n\u001b[2m\u001b[22m\n\u001b[2m\u001b[22m\n\n\u001b[1m\u001b[31m  \u001b[1m● \u001b[22m\u001b[1mROVR Barcode Detection E2E Tests › should pass when product report is generated\u001b[39m\u001b[22m\n\n    Command failed: kcat -F ~/.config/kafkacatorchestrator.conf -C -t deming.rovr.rail.barcode.report.created -o -10 -e \n    % Reading configuration from file /root/.config/kafkacatorchestrator.conf\n    % ERROR: Failed to query metadata for topic deming.rovr.rail.barcode.report.created: Local: Broker transport failure\n\u001b[2m\u001b[22m\n\u001b[2m\u001b[22m\n",
            "name": "/usr/src/app/Deming/Tests/ROVR/rovrBarcodeDetection.test.js",
            "startTime": 1638899313443,
            "status": "failed",
            "summary": ""
        },
        {
            "assertionResults": [
                {
                    "ancestorTitles": [
                        "ROVR Product Detection E2E Tests"
                    ],
                    "failureMessages": [
                        "Error: Command failed: kcat -F ~/.config/kafkacatorchestrator.conf -C -t deming.notification.media.ready.rovr -o -10 -e \n% Reading configuration from file /root/.config/kafkacatorchestrator.conf\n% ERROR: Failed to query metadata for topic deming.notification.media.ready.rovr: Local: Broker transport failure\n\n    at ChildProcess.exithandler (node:child_process:397:12)\n    at ChildProcess.emit (node:events:390:28)\n    at maybeClose (node:internal/child_process:1062:16)\n    at Process.ChildProcess._handle.onexit (node:internal/child_process:301:5)"
                    ],
                    "fullName": "ROVR Product Detection E2E Tests should pass when Notification Center unzipped the file",
                    "location": null,
                    "status": "failed",
                    "title": "should pass when Notification Center unzipped the file"
                },
                {
                    "ancestorTitles": [
                        "ROVR Product Detection E2E Tests"
                    ],
                    "failureMessages": [],
                    "fullName": "ROVR Product Detection E2E Tests should pass when correct DNN is assigned to related RailId",
                    "location": null,
                    "status": "passed",
                    "title": "should pass when correct DNN is assigned to related RailId"
                },
                {
                    "ancestorTitles": [
                        "ROVR Product Detection E2E Tests"
                    ],
                    "failureMessages": [],
                    "fullName": "ROVR Product Detection E2E Tests should validate dnn id",
                    "location": null,
                    "status": "passed",
                    "title": "should validate dnn id"
                },
                {
                    "ancestorTitles": [
                        "ROVR Product Detection E2E Tests"
                    ],
                    "failureMessages": [
                        "Error: Command failed: kcat -F ~/.config/kafkacatorchestrator.conf -C -t deming.object.detection.ready.rovr -o -10 -e \n% Reading configuration from file /root/.config/kafkacatorchestrator.conf\n% ERROR: Failed to query metadata for topic deming.object.detection.ready.rovr: Local: Broker transport failure\n\n    at ChildProcess.exithandler (node:child_process:397:12)\n    at ChildProcess.emit (node:events:390:28)\n    at maybeClose (node:internal/child_process:1062:16)\n    at Socket.<anonymous> (node:internal/child_process:448:11)\n    at Socket.emit (node:events:390:28)\n    at Pipe.<anonymous> (node:net:687:12)"
                    ],
                    "fullName": "ROVR Product Detection E2E Tests should pass when ready for object detection",
                    "location": null,
                    "status": "failed",
                    "title": "should pass when ready for object detection"
                },
                {
                    "ancestorTitles": [
                        "ROVR Product Detection E2E Tests"
                    ],
                    "failureMessages": [
                        "Error: Command failed: kcat -F ~/.config/kafkacatorchestrator.conf -C -t deming.object.detection.complete.rovr -o -10 -e \n% Reading configuration from file /root/.config/kafkacatorchestrator.conf\n% ERROR: Failed to query metadata for topic deming.object.detection.complete.rovr: Local: Broker transport failure\n\n    at ChildProcess.exithandler (node:child_process:397:12)\n    at ChildProcess.emit (node:events:390:28)\n    at maybeClose (node:internal/child_process:1062:16)\n    at Process.ChildProcess._handle.onexit (node:internal/child_process:301:5)"
                    ],
                    "fullName": "ROVR Product Detection E2E Tests should pass when object detection is completed",
                    "location": null,
                    "status": "failed",
                    "title": "should pass when object detection is completed"
                },
                {
                    "ancestorTitles": [
                        "ROVR Product Detection E2E Tests"
                    ],
                    "failureMessages": [
                        "Error: Command failed: kcat -F ~/.config/kafkacatorchestrator.conf -C -t deming.object.detection.tracking.complete -o -10 -e \n% Reading configuration from file /root/.config/kafkacatorchestrator.conf\n% ERROR: Failed to query metadata for topic deming.object.detection.tracking.complete: Local: Broker transport failure\n\n    at ChildProcess.exithandler (node:child_process:397:12)\n    at ChildProcess.emit (node:events:390:28)\n    at maybeClose (node:internal/child_process:1062:16)\n    at Process.ChildProcess._handle.onexit (node:internal/child_process:301:5)"
                    ],
                    "fullName": "ROVR Product Detection E2E Tests should pass when object tracking is complete",
                    "location": null,
                    "status": "failed",
                    "title": "should pass when object tracking is complete"
                },
                {
                    "ancestorTitles": [
                        "ROVR Product Detection E2E Tests"
                    ],
                    "failureMessages": [
                        "Error: \u001b[2mexpect(\u001b[22m\u001b[31mreceived\u001b[39m\u001b[2m).\u001b[22mtoEqual\u001b[2m(\u001b[22m\u001b[32mexpected\u001b[39m\u001b[2m) // deep equality\u001b[22m\n\nExpected: \u001b[32m\"486\"\u001b[39m\nReceived: \u001b[31mundefined\u001b[39m\n    at Object.<anonymous> (/usr/src/app/Deming/Tests/ROVR/rovrProductDetection.test.js:73:44)\n    at processTicksAndRejections (node:internal/process/task_queues:96:5)"
                    ],
                    "fullName": "ROVR Product Detection E2E Tests should pass when fetch related facing",
                    "location": null,
                    "status": "failed",
                    "title": "should pass when fetch related facing"
                },
                {
                    "ancestorTitles": [
                        "ROVR Product Detection E2E Tests"
                    ],
                    "failureMessages": [
                        "Error: Command failed: kcat -F ~/.config/kafkacatorchestrator.conf -C -t deming.rovr.rail.product.report.created -o -10 -e \n% Reading configuration from file /root/.config/kafkacatorchestrator.conf\n% ERROR: Failed to query metadata for topic deming.rovr.rail.product.report.created: Local: Broker transport failure\n\n    at ChildProcess.exithandler (node:child_process:397:12)\n    at ChildProcess.emit (node:events:390:28)\n    at maybeClose (node:internal/child_process:1062:16)\n    at Process.ChildProcess._handle.onexit (node:internal/child_process:301:5)"
                    ],
                    "fullName": "ROVR Product Detection E2E Tests should pass when product report is generated",
                    "location": null,
                    "status": "failed",
                    "title": "should pass when product report is generated"
                }
            ],
            "endTime": 1638899343417,
            "message": "\u001b[1m\u001b[31m  \u001b[1m● \u001b[22m\u001b[1mROVR Product Detection E2E Tests › should pass when Notification Center unzipped the file\u001b[39m\u001b[22m\n\n    Command failed: kcat -F ~/.config/kafkacatorchestrator.conf -C -t deming.notification.media.ready.rovr -o -10 -e \n    % Reading configuration from file /root/.config/kafkacatorchestrator.conf\n    % ERROR: Failed to query metadata for topic deming.notification.media.ready.rovr: Local: Broker transport failure\n\u001b[2m\u001b[22m\n\u001b[2m\u001b[22m\n\n\u001b[1m\u001b[31m  \u001b[1m● \u001b[22m\u001b[1mROVR Product Detection E2E Tests › should pass when ready for object detection\u001b[39m\u001b[22m\n\n    Command failed: kcat -F ~/.config/kafkacatorchestrator.conf -C -t deming.object.detection.ready.rovr -o -10 -e \n    % Reading configuration from file /root/.config/kafkacatorchestrator.conf\n    % ERROR: Failed to query metadata for topic deming.object.detection.ready.rovr: Local: Broker transport failure\n\u001b[2m\u001b[22m\n\u001b[2m\u001b[22m\n\n\u001b[1m\u001b[31m  \u001b[1m● \u001b[22m\u001b[1mROVR Product Detection E2E Tests › should pass when object detection is completed\u001b[39m\u001b[22m\n\n    Command failed: kcat -F ~/.config/kafkacatorchestrator.conf -C -t deming.object.detection.complete.rovr -o -10 -e \n    % Reading configuration from file /root/.config/kafkacatorchestrator.conf\n    % ERROR: Failed to query metadata for topic deming.object.detection.complete.rovr: Local: Broker transport failure\n\u001b[2m\u001b[22m\n\u001b[2m\u001b[22m\n\n\u001b[1m\u001b[31m  \u001b[1m● \u001b[22m\u001b[1mROVR Product Detection E2E Tests › should pass when object tracking is complete\u001b[39m\u001b[22m\n\n    Command failed: kcat -F ~/.config/kafkacatorchestrator.conf -C -t deming.object.detection.tracking.complete -o -10 -e \n    % Reading configuration from file /root/.config/kafkacatorchestrator.conf\n    % ERROR: Failed to query metadata for topic deming.object.detection.tracking.complete: Local: Broker transport failure\n\u001b[2m\u001b[22m\n\u001b[2m\u001b[22m\n\n\u001b[1m\u001b[31m  \u001b[1m● \u001b[22m\u001b[1mROVR Product Detection E2E Tests › should pass when fetch related facing\u001b[39m\u001b[22m\n\n    \u001b[2mexpect(\u001b[22m\u001b[31mreceived\u001b[39m\u001b[2m).\u001b[22mtoEqual\u001b[2m(\u001b[22m\u001b[32mexpected\u001b[39m\u001b[2m) // deep equality\u001b[22m\n\n    Expected: \u001b[32m\"486\"\u001b[39m\n    Received: \u001b[31mundefined\u001b[39m\n\u001b[2m\u001b[22m\n\u001b[2m    \u001b[0m \u001b[90m 71 |\u001b[39m         \u001b[36mconst\u001b[39m facingResponse \u001b[33m=\u001b[39m \u001b[36mawait\u001b[39m fetch(getFacingsApi)\u001b[33m.\u001b[39mthen(res \u001b[33m=>\u001b[39m res\u001b[33m.\u001b[39mjson())\u001b[0m\u001b[22m\n\u001b[2m    \u001b[0m \u001b[90m 72 |\u001b[39m\u001b[0m\u001b[22m\n\u001b[2m    \u001b[0m\u001b[31m\u001b[1m>\u001b[22m\u001b[2m\u001b[39m\u001b[90m 73 |\u001b[39m         expect(expectedProductFacingIdOne)\u001b[33m.\u001b[39mtoEqual(\u001b[32m''\u001b[39m \u001b[33m+\u001b[39m facingResponse[\u001b[35m0\u001b[39m]\u001b[33m.\u001b[39m\u001b[33mProductFacingID\u001b[39m)\u001b[0m\u001b[22m\n\u001b[2m    \u001b[0m \u001b[90m    |\u001b[39m                                            \u001b[31m\u001b[1m^\u001b[22m\u001b[2m\u001b[39m\u001b[0m\u001b[22m\n\u001b[2m    \u001b[0m \u001b[90m 74 |\u001b[39m         expect(expectedProductFacingIdTwo)\u001b[33m.\u001b[39mtoEqual(\u001b[32m''\u001b[39m \u001b[33m+\u001b[39m facingResponse[\u001b[35m1\u001b[39m]\u001b[33m.\u001b[39m\u001b[33mProductFacingID\u001b[39m)\u001b[0m\u001b[22m\n\u001b[2m    \u001b[0m \u001b[90m 75 |\u001b[39m     })\u001b[0m\u001b[22m\n\u001b[2m    \u001b[0m \u001b[90m 76 |\u001b[39m\u001b[0m\u001b[22m\n\u001b[2m\u001b[22m\n\u001b[2m      \u001b[2mat Object.<anonymous> (\u001b[22m\u001b[2m\u001b[0m\u001b[36mDeming/Tests/ROVR/rovrProductDetection.test.js\u001b[39m\u001b[0m\u001b[2m:73:44)\u001b[22m\u001b[2m\u001b[22m\n\n\u001b[1m\u001b[31m  \u001b[1m● \u001b[22m\u001b[1mROVR Product Detection E2E Tests › should pass when product report is generated\u001b[39m\u001b[22m\n\n    Command failed: kcat -F ~/.config/kafkacatorchestrator.conf -C -t deming.rovr.rail.product.report.created -o -10 -e \n    % Reading configuration from file /root/.config/kafkacatorchestrator.conf\n    % ERROR: Failed to query metadata for topic deming.rovr.rail.product.report.created: Local: Broker transport failure\n\u001b[2m\u001b[22m\n\u001b[2m\u001b[22m\n",
            "name": "/usr/src/app/Deming/Tests/ROVR/rovrProductDetection.test.js",
            "startTime": 1638899313459,
            "status": "failed",
            "summary": ""
        }
    ],
    "wasInterrupted": false
}